2026-04-21 02:15:07,119 [INFO] uvicorn.error [server.py:264] - Shutting down
2026-04-21 02:15:07,121 [INFO] uvicorn.error [server.py:264] - Shutting down
2026-04-21 02:15:07,122 [INFO] uvicorn.error [server.py:264] - Shutting down
2026-04-21 02:15:07,122 [INFO] uvicorn.error [server.py:264] - Shutting down
2026-04-21 02:15:07,220 [INFO] uvicorn.error [on.py:65] - Waiting for application shutdown.
2026-04-21 02:15:07,222 [INFO] uvicorn.error [on.py:65] - Waiting for application shutdown.
2026-04-21 02:15:07,222 [INFO] kernelgym.server.task_manager [task_manager.py:131] - TaskManager shutdown
2026-04-21 02:15:07,222 [INFO] uvicorn.error [on.py:76] - Application shutdown complete.
2026-04-21 02:15:07,223 [INFO] uvicorn.error [on.py:65] - Waiting for application shutdown.
2026-04-21 02:15:07,223 [INFO] uvicorn.error [on.py:65] - Waiting for application shutdown.
2026-04-21 02:15:07,223 [INFO] uvicorn.error [server.py:86] - Finished server process [3454685]
2026-04-21 02:15:07,223 [INFO] kernelgym.server.task_manager [task_manager.py:131] - TaskManager shutdown
2026-04-21 02:15:07,225 [INFO] uvicorn.error [on.py:76] - Application shutdown complete.
2026-04-21 02:15:07,225 [INFO] kernelgym.server.task_manager [task_manager.py:131] - TaskManager shutdown
2026-04-21 02:15:07,225 [INFO] uvicorn.error [server.py:86] - Finished server process [3454683]
2026-04-21 02:15:07,226 [INFO] kernelgym.server.task_manager [task_manager.py:131] - TaskManager shutdown
2026-04-21 02:15:07,227 [INFO] uvicorn.error [on.py:76] - Application shutdown complete.
2026-04-21 02:15:07,227 [INFO] uvicorn.error [on.py:76] - Application shutdown complete.
2026-04-21 02:15:07,227 [INFO] uvicorn.error [server.py:86] - Finished server process [3454682]
2026-04-21 02:15:07,227 [INFO] uvicorn.error [server.py:86] - Finished server process [3454684]
2026-05-19 08:18:27,978 [INFO] root [settings.py:365] - Logging configured for worker_monitor - File logging: True
2026-05-19 08:18:27,978 [INFO] root [settings.py:371] - Log files will be written to: /nfs/FM/gongoubo/new_project/github/Data_Synthesis_For_Cuda_Kernel/KernelGYM/kernelgym/logs
2026-05-19 08:18:27,979 [WARNING] root [worker_monitor.py:552] - [monitor] Redis connection not ready: Error UNKNOWN while writing to socket. Connection lost.. Retrying...
2026-05-19 08:18:28,535 [WARNING] root [worker_monitor.py:552] - [monitor] Redis connection not ready: Error UNKNOWN while writing to socket. Connection lost.. Retrying...
2026-05-19 08:18:29,037 [WARNING] root [worker_monitor.py:552] - [monitor] Redis connection not ready: Error UNKNOWN while writing to socket. Connection lost.. Retrying...
2026-05-19 08:18:29,539 [WARNING] root [worker_monitor.py:552] - [monitor] Redis connection not ready: Error UNKNOWN while writing to socket. Connection lost.. Retrying...
2026-05-19 08:18:29,936 [INFO] root [settings.py:365] - Logging configured for worker_worker_gpu_0 - File logging: True
2026-05-19 08:18:29,937 [INFO] root [settings.py:371] - Log files will be written to: /nfs/FM/gongoubo/new_project/github/Data_Synthesis_For_Cuda_Kernel/KernelGYM/kernelgym/logs
2026-05-19 08:18:30,042 [WARNING] root [worker_monitor.py:552] - [monitor] Redis connection not ready: Error UNKNOWN while writing to socket. Connection lost.. Retrying...
2026-05-19 08:18:30,248 [INFO] root [settings.py:365] - Logging configured for worker_worker_gpu_1 - File logging: True
2026-05-19 08:18:30,248 [INFO] root [settings.py:371] - Log files will be written to: /nfs/FM/gongoubo/new_project/github/Data_Synthesis_For_Cuda_Kernel/KernelGYM/kernelgym/logs
2026-05-19 08:18:30,545 [WARNING] root [worker_monitor.py:552] - [monitor] Redis connection not ready: Error UNKNOWN while writing to socket. Connection lost.. Retrying...
2026-05-19 08:18:31,047 [WARNING] root [worker_monitor.py:552] - [monitor] Redis connection not ready: Error UNKNOWN while writing to socket. Connection lost.. Retrying...
2026-05-19 08:18:31,549 [WARNING] root [worker_monitor.py:552] - [monitor] Redis connection not ready: Error UNKNOWN while writing to socket. Connection lost.. Retrying...
2026-05-19 08:18:32,051 [WARNING] root [worker_monitor.py:552] - [monitor] Redis connection not ready: Error UNKNOWN while writing to socket. Connection lost.. Retrying...
2026-05-19 08:18:32,553 [WARNING] root [worker_monitor.py:552] - [monitor] Redis connection not ready: Error UNKNOWN while writing to socket. Connection lost.. Retrying...
2026-05-19 08:18:33,054 [WARNING] root [worker_monitor.py:552] - [monitor] Redis connection not ready: Error UNKNOWN while writing to socket. Connection lost.. Retrying...
2026-05-19 08:18:33,556 [WARNING] root [worker_monitor.py:552] - [monitor] Redis connection not ready: Error UNKNOWN while writing to socket. Connection lost.. Retrying...
2026-05-19 08:18:34,058 [WARNING] root [worker_monitor.py:552] - [monitor] Redis connection not ready: Error UNKNOWN while writing to socket. Connection lost.. Retrying...
2026-05-19 08:18:34,560 [WARNING] root [worker_monitor.py:552] - [monitor] Redis connection not ready: Error UNKNOWN while writing to socket. Connection lost.. Retrying...
2026-05-19 08:18:35,062 [WARNING] root [worker_monitor.py:552] - [monitor] Redis connection not ready: Error UNKNOWN while writing to socket. Connection lost.. Retrying...
2026-05-19 08:18:35,564 [WARNING] root [worker_monitor.py:552] - [monitor] Redis connection not ready: Error UNKNOWN while writing to socket. Connection lost.. Retrying...
2026-05-19 08:18:36,066 [WARNING] root [worker_monitor.py:552] - [monitor] Redis connection not ready: Error UNKNOWN while writing to socket. Connection lost.. Retrying...
2026-05-19 08:18:36,568 [WARNING] root [worker_monitor.py:552] - [monitor] Redis connection not ready: Error UNKNOWN while writing to socket. Connection lost.. Retrying...
2026-05-19 08:18:37,071 [WARNING] root [worker_monitor.py:552] - [monitor] Redis connection not ready: Error UNKNOWN while writing to socket. Connection lost.. Retrying...
2026-05-19 08:18:37,573 [WARNING] root [worker_monitor.py:552] - [monitor] Redis connection not ready: Error UNKNOWN while writing to socket. Connection lost.. Retrying...
2026-05-19 08:18:38,075 [WARNING] root [worker_monitor.py:552] - [monitor] Redis connection not ready: Error UNKNOWN while writing to socket. Connection lost.. Retrying...
2026-05-19 08:18:38,577 [WARNING] root [worker_monitor.py:552] - [monitor] Redis connection not ready: Error UNKNOWN while writing to socket. Connection lost.. Retrying...
2026-05-19 08:18:39,079 [WARNING] root [worker_monitor.py:552] - [monitor] Redis connection not ready: Error UNKNOWN while writing to socket. Connection lost.. Retrying...
2026-05-19 08:18:39,581 [WARNING] root [worker_monitor.py:552] - [monitor] Redis connection not ready: Error UNKNOWN while writing to socket. Connection lost.. Retrying...
2026-05-19 08:18:40,083 [WARNING] root [worker_monitor.py:552] - [monitor] Redis connection not ready: Error UNKNOWN while writing to socket. Connection lost.. Retrying...
2026-05-19 08:18:40,585 [WARNING] root [worker_monitor.py:552] - [monitor] Redis connection not ready: Error UNKNOWN while writing to socket. Connection lost.. Retrying...
2026-05-19 08:18:41,088 [WARNING] root [worker_monitor.py:552] - [monitor] Redis connection not ready: Error UNKNOWN while writing to socket. Connection lost.. Retrying...
2026-05-19 08:18:41,589 [WARNING] root [worker_monitor.py:552] - [monitor] Redis connection not ready: Error UNKNOWN while writing to socket. Connection lost.. Retrying...
2026-05-19 08:18:42,091 [WARNING] root [worker_monitor.py:552] - [monitor] Redis connection not ready: Error UNKNOWN while writing to socket. Connection lost.. Retrying...
2026-05-19 08:18:42,593 [WARNING] root [worker_monitor.py:552] - [monitor] Redis connection not ready: Error UNKNOWN while writing to socket. Connection lost.. Retrying...
2026-05-19 08:18:43,095 [WARNING] root [worker_monitor.py:552] - [monitor] Redis connection not ready: Error UNKNOWN while writing to socket. Connection lost.. Retrying...
2026-05-19 08:18:43,597 [WARNING] root [worker_monitor.py:552] - [monitor] Redis connection not ready: Error UNKNOWN while writing to socket. Connection lost.. Retrying...
2026-05-19 08:18:44,099 [WARNING] root [worker_monitor.py:552] - [monitor] Redis connection not ready: Error UNKNOWN while writing to socket. Connection lost.. Retrying...
2026-05-19 08:18:44,601 [WARNING] root [worker_monitor.py:552] - [monitor] Redis connection not ready: Error UNKNOWN while writing to socket. Connection lost.. Retrying...
2026-05-19 08:18:45,103 [WARNING] root [worker_monitor.py:552] - [monitor] Redis connection not ready: Error UNKNOWN while writing to socket. Connection lost.. Retrying...
2026-05-19 08:18:45,605 [WARNING] root [worker_monitor.py:552] - [monitor] Redis connection not ready: Error UNKNOWN while writing to socket. Connection lost.. Retrying...
2026-05-19 08:18:46,106 [WARNING] root [worker_monitor.py:552] - [monitor] Redis connection not ready: Error UNKNOWN while writing to socket. Connection lost.. Retrying...
2026-05-19 08:18:46,608 [WARNING] root [worker_monitor.py:552] - [monitor] Redis connection not ready: Error UNKNOWN while writing to socket. Connection lost.. Retrying...
2026-05-19 08:18:47,110 [WARNING] root [worker_monitor.py:552] - [monitor] Redis connection not ready: Error UNKNOWN while writing to socket. Connection lost.. Retrying...
2026-05-19 08:18:47,612 [WARNING] root [worker_monitor.py:552] - [monitor] Redis connection not ready: Error UNKNOWN while writing to socket. Connection lost.. Retrying...
2026-05-19 08:18:48,114 [WARNING] root [worker_monitor.py:552] - [monitor] Redis connection not ready: Error UNKNOWN while writing to socket. Connection lost.. Retrying...
2026-05-19 08:18:48,616 [WARNING] root [worker_monitor.py:552] - [monitor] Redis connection not ready: Error UNKNOWN while writing to socket. Connection lost.. Retrying...
2026-05-19 08:18:49,118 [WARNING] root [worker_monitor.py:552] - [monitor] Redis connection not ready: Error UNKNOWN while writing to socket. Connection lost.. Retrying...
2026-05-19 08:18:49,620 [WARNING] root [worker_monitor.py:552] - [monitor] Redis connection not ready: Error UNKNOWN while writing to socket. Connection lost.. Retrying...
2026-05-19 08:18:50,122 [WARNING] root [worker_monitor.py:552] - [monitor] Redis connection not ready: Error UNKNOWN while writing to socket. Connection lost.. Retrying...
2026-05-19 08:18:50,624 [WARNING] root [worker_monitor.py:552] - [monitor] Redis connection not ready: Error UNKNOWN while writing to socket. Connection lost.. Retrying...
2026-05-19 08:18:51,125 [WARNING] root [worker_monitor.py:552] - [monitor] Redis connection not ready: Error UNKNOWN while writing to socket. Connection lost.. Retrying...
2026-05-19 08:18:51,627 [WARNING] root [worker_monitor.py:552] - [monitor] Redis connection not ready: Error UNKNOWN while writing to socket. Connection lost.. Retrying...
2026-05-19 08:18:52,129 [WARNING] root [worker_monitor.py:552] - [monitor] Redis connection not ready: Error UNKNOWN while writing to socket. Connection lost.. Retrying...
2026-05-19 08:18:52,631 [WARNING] root [worker_monitor.py:552] - [monitor] Redis connection not ready: Error UNKNOWN while writing to socket. Connection lost.. Retrying...
2026-05-19 08:18:53,133 [WARNING] root [worker_monitor.py:552] - [monitor] Redis connection not ready: Error UNKNOWN while writing to socket. Connection lost.. Retrying...
2026-05-19 08:18:53,635 [WARNING] root [worker_monitor.py:552] - [monitor] Redis connection not ready: Error UNKNOWN while writing to socket. Connection lost.. Retrying...
2026-05-19 08:18:54,137 [WARNING] root [worker_monitor.py:552] - [monitor] Redis connection not ready: Error UNKNOWN while writing to socket. Connection lost.. Retrying...
2026-05-19 08:18:54,639 [WARNING] root [worker_monitor.py:552] - [monitor] Redis connection not ready: Error UNKNOWN while writing to socket. Connection lost.. Retrying...
2026-05-19 08:18:55,141 [WARNING] root [worker_monitor.py:552] - [monitor] Redis connection not ready: Error UNKNOWN while writing to socket. Connection lost.. Retrying...
2026-05-19 08:18:55,643 [WARNING] root [worker_monitor.py:552] - [monitor] Redis connection not ready: Error UNKNOWN while writing to socket. Connection lost.. Retrying...
2026-05-19 08:18:56,145 [WARNING] root [worker_monitor.py:552] - [monitor] Redis connection not ready: Error UNKNOWN while writing to socket. Connection lost.. Retrying...
2026-05-19 08:18:56,647 [WARNING] root [worker_monitor.py:552] - [monitor] Redis connection not ready: Error UNKNOWN while writing to socket. Connection lost.. Retrying...
2026-05-19 08:18:57,150 [WARNING] root [worker_monitor.py:552] - [monitor] Redis connection not ready: Error UNKNOWN while writing to socket. Connection lost.. Retrying...
2026-05-19 08:18:57,651 [WARNING] root [worker_monitor.py:552] - [monitor] Redis connection not ready: Error UNKNOWN while writing to socket. Connection lost.. Retrying...
2026-05-19 08:18:58,152 [WARNING] root [worker_monitor.py:552] - [monitor] Redis connection not ready: Connection closed by server.. Retrying...
2026-05-19 08:18:58,654 [WARNING] root [worker_monitor.py:552] - [monitor] Redis connection not ready: Error UNKNOWN while writing to socket. Connection lost.. Retrying...
2026-05-19 08:18:59,155 [WARNING] root [worker_monitor.py:552] - [monitor] Redis connection not ready: Error UNKNOWN while writing to socket. Connection lost.. Retrying...
2026-05-19 08:18:59,656 [WARNING] root [worker_monitor.py:552] - [monitor] Redis connection not ready: Error UNKNOWN while writing to socket. Connection lost.. Retrying...
2026-05-19 08:19:00,158 [WARNING] root [worker_monitor.py:552] - [monitor] Redis connection not ready: Error while reading from 192.168.16.4:6379 : (104, 'Connection reset by peer'). Retrying...
2026-05-19 08:19:00,659 [WARNING] root [worker_monitor.py:552] - [monitor] Redis connection not ready: Error UNKNOWN while writing to socket. Connection lost.. Retrying...
2026-05-19 08:19:01,161 [WARNING] root [worker_monitor.py:552] - [monitor] Redis connection not ready: Error UNKNOWN while writing to socket. Connection lost.. Retrying...
2026-05-19 08:19:01,663 [WARNING] root [worker_monitor.py:552] - [monitor] Redis connection not ready: Error UNKNOWN while writing to socket. Connection lost.. Retrying...
2026-05-19 08:19:02,165 [WARNING] root [worker_monitor.py:552] - [monitor] Redis connection not ready: Error UNKNOWN while writing to socket. Connection lost.. Retrying...
2026-05-19 08:19:02,667 [WARNING] root [worker_monitor.py:552] - [monitor] Redis connection not ready: Error UNKNOWN while writing to socket. Connection lost.. Retrying...
2026-05-19 08:19:03,169 [WARNING] root [worker_monitor.py:552] - [monitor] Redis connection not ready: Error UNKNOWN while writing to socket. Connection lost.. Retrying...
2026-05-19 08:19:03,671 [WARNING] root [worker_monitor.py:552] - [monitor] Redis connection not ready: Error UNKNOWN while writing to socket. Connection lost.. Retrying...
2026-05-19 08:19:04,175 [WARNING] root [worker_monitor.py:552] - [monitor] Redis connection not ready: Error UNKNOWN while writing to socket. Connection lost.. Retrying...
2026-05-19 08:19:04,676 [WARNING] root [worker_monitor.py:552] - [monitor] Redis connection not ready: Error UNKNOWN while writing to socket. Connection lost.. Retrying...
2026-05-19 08:19:05,179 [WARNING] root [worker_monitor.py:552] - [monitor] Redis connection not ready: Error UNKNOWN while writing to socket. Connection lost.. Retrying...
2026-05-19 08:19:05,680 [WARNING] root [worker_monitor.py:552] - [monitor] Redis connection not ready: Error UNKNOWN while writing to socket. Connection lost.. Retrying...
2026-05-19 08:19:06,182 [WARNING] root [worker_monitor.py:552] - [monitor] Redis connection not ready: Error UNKNOWN while writing to socket. Connection lost.. Retrying...
2026-05-19 08:19:06,685 [WARNING] root [worker_monitor.py:552] - [monitor] Redis connection not ready: Error UNKNOWN while writing to socket. Connection lost.. Retrying...
2026-05-19 08:19:07,187 [WARNING] root [worker_monitor.py:552] - [monitor] Redis connection not ready: Error UNKNOWN while writing to socket. Connection lost.. Retrying...
2026-05-19 08:19:07,689 [WARNING] root [worker_monitor.py:552] - [monitor] Redis connection not ready: Error UNKNOWN while writing to socket. Connection lost.. Retrying...
2026-05-19 08:19:08,191 [WARNING] root [worker_monitor.py:552] - [monitor] Redis connection not ready: Error UNKNOWN while writing to socket. Connection lost.. Retrying...
2026-05-19 08:19:08,693 [WARNING] root [worker_monitor.py:552] - [monitor] Redis connection not ready: Error UNKNOWN while writing to socket. Connection lost.. Retrying...
2026-05-19 08:19:09,195 [WARNING] root [worker_monitor.py:552] - [monitor] Redis connection not ready: Error UNKNOWN while writing to socket. Connection lost.. Retrying...
2026-05-19 08:19:09,697 [WARNING] root [worker_monitor.py:552] - [monitor] Redis connection not ready: Error UNKNOWN while writing to socket. Connection lost.. Retrying...
2026-05-19 08:19:10,199 [WARNING] root [worker_monitor.py:552] - [monitor] Redis connection not ready: Error UNKNOWN while writing to socket. Connection lost.. Retrying...
2026-05-19 08:19:10,701 [WARNING] root [worker_monitor.py:552] - [monitor] Redis connection not ready: Error UNKNOWN while writing to socket. Connection lost.. Retrying...
2026-05-19 08:19:11,204 [WARNING] root [worker_monitor.py:552] - [monitor] Redis connection not ready: Error UNKNOWN while writing to socket. Connection lost.. Retrying...
2026-05-19 08:19:11,706 [WARNING] root [worker_monitor.py:552] - [monitor] Redis connection not ready: Error UNKNOWN while writing to socket. Connection lost.. Retrying...
2026-05-19 08:19:12,208 [WARNING] root [worker_monitor.py:552] - [monitor] Redis connection not ready: Error UNKNOWN while writing to socket. Connection lost.. Retrying...
2026-05-19 08:19:12,710 [WARNING] root [worker_monitor.py:552] - [monitor] Redis connection not ready: Error UNKNOWN while writing to socket. Connection lost.. Retrying...
2026-05-19 08:19:13,212 [WARNING] root [worker_monitor.py:552] - [monitor] Redis connection not ready: Error UNKNOWN while writing to socket. Connection lost.. Retrying...
2026-05-19 08:19:13,714 [WARNING] root [worker_monitor.py:552] - [monitor] Redis connection not ready: Error UNKNOWN while writing to socket. Connection lost.. Retrying...
2026-05-19 08:19:14,216 [WARNING] root [worker_monitor.py:552] - [monitor] Redis connection not ready: Error UNKNOWN while writing to socket. Connection lost.. Retrying...
2026-05-19 08:19:14,718 [WARNING] root [worker_monitor.py:552] - [monitor] Redis connection not ready: Error UNKNOWN while writing to socket. Connection lost.. Retrying...
2026-05-19 08:19:15,220 [WARNING] root [worker_monitor.py:552] - [monitor] Redis connection not ready: Error UNKNOWN while writing to socket. Connection lost.. Retrying...
2026-05-19 08:19:15,722 [WARNING] root [worker_monitor.py:552] - [monitor] Redis connection not ready: Error UNKNOWN while writing to socket. Connection lost.. Retrying...
2026-05-19 08:19:16,225 [WARNING] root [worker_monitor.py:552] - [monitor] Redis connection not ready: Error UNKNOWN while writing to socket. Connection lost.. Retrying...
2026-05-19 08:19:16,727 [WARNING] root [worker_monitor.py:552] - [monitor] Redis connection not ready: Error UNKNOWN while writing to socket. Connection lost.. Retrying...
2026-05-19 08:19:17,229 [WARNING] root [worker_monitor.py:552] - [monitor] Redis connection not ready: Error UNKNOWN while writing to socket. Connection lost.. Retrying...
2026-05-19 08:19:17,731 [WARNING] root [worker_monitor.py:552] - [monitor] Redis connection not ready: Error UNKNOWN while writing to socket. Connection lost.. Retrying...
2026-05-19 08:19:18,233 [WARNING] root [worker_monitor.py:552] - [monitor] Redis connection not ready: Error UNKNOWN while writing to socket. Connection lost.. Retrying...
2026-05-19 08:19:18,735 [WARNING] root [worker_monitor.py:552] - [monitor] Redis connection not ready: Error UNKNOWN while writing to socket. Connection lost.. Retrying...
2026-05-19 08:19:19,237 [WARNING] root [worker_monitor.py:552] - [monitor] Redis connection not ready: Error UNKNOWN while writing to socket. Connection lost.. Retrying...
2026-05-19 08:19:19,739 [WARNING] root [worker_monitor.py:552] - [monitor] Redis connection not ready: Error UNKNOWN while writing to socket. Connection lost.. Retrying...
2026-05-19 08:19:20,241 [WARNING] root [worker_monitor.py:552] - [monitor] Redis connection not ready: Error UNKNOWN while writing to socket. Connection lost.. Retrying...
2026-05-19 08:19:20,743 [WARNING] root [worker_monitor.py:552] - [monitor] Redis connection not ready: Error UNKNOWN while writing to socket. Connection lost.. Retrying...
2026-05-19 08:19:21,245 [WARNING] root [worker_monitor.py:552] - [monitor] Redis connection not ready: Error UNKNOWN while writing to socket. Connection lost.. Retrying...
2026-05-19 08:19:21,747 [WARNING] root [worker_monitor.py:552] - [monitor] Redis connection not ready: Error UNKNOWN while writing to socket. Connection lost.. Retrying...
2026-05-19 08:19:22,249 [WARNING] root [worker_monitor.py:552] - [monitor] Redis connection not ready: Error UNKNOWN while writing to socket. Connection lost.. Retrying...
2026-05-19 08:19:22,751 [WARNING] root [worker_monitor.py:552] - [monitor] Redis connection not ready: Error UNKNOWN while writing to socket. Connection lost.. Retrying...
2026-05-19 08:19:23,254 [WARNING] root [worker_monitor.py:552] - [monitor] Redis connection not ready: Error UNKNOWN while writing to socket. Connection lost.. Retrying...
2026-05-19 08:19:23,756 [WARNING] root [worker_monitor.py:552] - [monitor] Redis connection not ready: Error UNKNOWN while writing to socket. Connection lost.. Retrying...
2026-05-19 08:19:24,257 [WARNING] root [worker_monitor.py:552] - [monitor] Redis connection not ready: Error UNKNOWN while writing to socket. Connection lost.. Retrying...
2026-05-19 08:19:24,759 [WARNING] root [worker_monitor.py:552] - [monitor] Redis connection not ready: Error UNKNOWN while writing to socket. Connection lost.. Retrying...
2026-05-19 08:19:25,261 [WARNING] root [worker_monitor.py:552] - [monitor] Redis connection not ready: Error UNKNOWN while writing to socket. Connection lost.. Retrying...
2026-05-19 08:19:25,763 [WARNING] root [worker_monitor.py:552] - [monitor] Redis connection not ready: Error UNKNOWN while writing to socket. Connection lost.. Retrying...
2026-05-19 08:19:26,265 [WARNING] root [worker_monitor.py:552] - [monitor] Redis connection not ready: Error UNKNOWN while writing to socket. Connection lost.. Retrying...
2026-05-19 08:19:26,767 [WARNING] root [worker_monitor.py:552] - [monitor] Redis connection not ready: Error UNKNOWN while writing to socket. Connection lost.. Retrying...
2026-05-19 08:19:27,269 [WARNING] root [worker_monitor.py:552] - [monitor] Redis connection not ready: Error UNKNOWN while writing to socket. Connection lost.. Retrying...
2026-05-19 08:19:27,771 [WARNING] root [worker_monitor.py:552] - [monitor] Redis connection not ready: Error UNKNOWN while writing to socket. Connection lost.. Retrying...
2026-05-19 08:19:28,273 [WARNING] root [worker_monitor.py:552] - [monitor] Redis connection not ready: Error UNKNOWN while writing to socket. Connection lost.. Retrying...
2026-05-19 08:19:28,480 [ERROR] uvicorn.error [on.py:121] - Traceback (most recent call last):
  File "/usr/local/lib/python3.12/dist-packages/starlette/routing.py", line 694, in lifespan
    async with self.lifespan_context(app) as maybe_state:
               ^^^^^^^^^^^^^^^^^^^^^^^^^^
  File "/usr/lib/python3.12/contextlib.py", line 210, in __aenter__
    return await anext(self.gen)
           ^^^^^^^^^^^^^^^^^^^^^
  File "/usr/local/lib/python3.12/dist-packages/fastapi/routing.py", line 209, in merged_lifespan
    async with original_context(app) as maybe_original_state:
               ^^^^^^^^^^^^^^^^^^^^^
  File "/usr/lib/python3.12/contextlib.py", line 210, in __aenter__
    return await anext(self.gen)
           ^^^^^^^^^^^^^^^^^^^^^
  File "/nfs/FM/gongoubo/new_project/github/Data_Synthesis_For_Cuda_Kernel/KernelGYM/kernelgym/server/api/server.py", line 80, in lifespan
    redis_client = await _wait_for_redis_ready(settings.redis_url)
                   ^^^^^^^^^^^^^^^^^^^^^^^^^^^^^^^^^^^^^^^^^^^^^^^
  File "/nfs/FM/gongoubo/new_project/github/Data_Synthesis_For_Cuda_Kernel/KernelGYM/kernelgym/server/api/server.py", line 77, in _wait_for_redis_ready
    raise RuntimeError(f"Redis not ready within {timeout_sec}s: {last_err}")
RuntimeError: Redis not ready within 60.0s: Connection closed by server.

2026-05-19 08:19:28,480 [ERROR] uvicorn.error [on.py:57] - Application startup failed. Exiting.
2026-05-19 08:21:50,227 [INFO] root [settings.py:365] - Logging configured for worker_monitor - File logging: True
2026-05-19 08:21:50,227 [INFO] root [settings.py:371] - Log files will be written to: /nfs/FM/gongoubo/new_project/github/Data_Synthesis_For_Cuda_Kernel/KernelGYM/kernelgym/logs
2026-05-19 08:21:50,231 [INFO] root [worker_monitor.py:561] - Redis connection established for worker monitor
2026-05-19 08:21:50,232 [INFO] kernelgym.worker_monitor [worker_monitor.py:51] - Worker monitor configured with heartbeat_timeout=120s, monitor_interval=30s, restart_cooldown=60s
2026-05-19 08:21:50,233 [INFO] kernelgym.worker_monitor [worker_monitor.py:70] - Starting worker monitor
2026-05-19 08:21:50,234 [WARNING] kernelgym.worker_monitor [worker_monitor.py:213] - Worker worker_gpu_0 missing heartbeat key; scheduling restart (persistent mode)
2026-05-19 08:21:50,234 [INFO] kernelgym.worker_monitor [worker_monitor.py:283] - Attempting to restart worker worker_gpu_0 on cuda:0: Missing heartbeat key
2026-05-19 08:21:50,235 [INFO] kernelgym.worker_monitor [worker_monitor.py:496] - Sent SIGTERM to worker worker_gpu_0 (PID 42443)
2026-05-19 08:21:50,473 [INFO] kernelgym.server.task_manager [task_manager.py:120] - TaskManager initialized
2026-05-19 08:21:50,474 [INFO] uvicorn.error [on.py:60] - Application startup complete.
2026-05-19 08:21:50,475 [INFO] uvicorn.error [server.py:218] - Uvicorn running on http://192.168.16.4:8001 (Press CTRL+C to quit)
2026-05-19 08:21:50,737 [INFO] kernelgym.worker_monitor [worker_monitor.py:329] - Attempting to reset GPU device 0
2026-05-19 08:21:50,796 [WARNING] kernelgym.worker_monitor [worker_monitor.py:344] - nvidia-smi GPU reset failed (code 3): 
2026-05-19 08:23:23,924 [INFO] root [settings.py:365] - Logging configured for worker_worker_gpu_0 - File logging: True
2026-05-19 08:23:23,924 [INFO] root [settings.py:371] - Log files will be written to: /nfs/FM/gongoubo/new_project/github/Data_Synthesis_For_Cuda_Kernel/KernelGYM/kernelgym/logs
2026-05-19 08:23:23,925 [INFO] root [single_worker.py:32] - Redis connection established for worker worker_gpu_0
2026-05-19 08:23:23,925 [INFO] root [single_worker.py:38] - Starting single worker worker_gpu_0 on device cuda:0
2026-05-19 08:23:24,151 [INFO] root [settings.py:365] - Logging configured for worker_worker_gpu_1 - File logging: True
2026-05-19 08:23:24,151 [INFO] root [settings.py:371] - Log files will be written to: /nfs/FM/gongoubo/new_project/github/Data_Synthesis_For_Cuda_Kernel/KernelGYM/kernelgym/logs
2026-05-19 08:23:24,155 [INFO] root [single_worker.py:32] - Redis connection established for worker worker_gpu_1
2026-05-19 08:23:24,155 [INFO] root [single_worker.py:38] - Starting single worker worker_gpu_1 on device cuda:1
2026-05-19 08:23:24,157 [INFO] kernelgym.server.task_manager [task_manager.py:120] - TaskManager initialized
2026-05-19 08:23:24,158 [INFO] uvicorn.error [on.py:60] - Application startup complete.
2026-05-19 08:23:24,159 [INFO] uvicorn.error [server.py:218] - Uvicorn running on http://192.168.16.4:8001 (Press CTRL+C to quit)
2026-05-19 08:23:24,491 [INFO] kernelgym.subprocess_pool [subprocess_pool.py:139] - [worker_gpu_0_pool_0_0] Starting persistent worker for GPU 0 (pool_size=1, max_tasks=1)
2026-05-19 08:23:24,711 [INFO] kernelgym.subprocess_pool [subprocess_pool.py:139] - [worker_gpu_1_pool_1_0] Starting persistent worker for GPU 1 (pool_size=1, max_tasks=1)
2026-05-19 08:23:26,483 [INFO] root [settings.py:365] - Logging configured for worker_monitor - File logging: True
2026-05-19 08:23:26,483 [INFO] root [settings.py:371] - Log files will be written to: /nfs/FM/gongoubo/new_project/github/Data_Synthesis_For_Cuda_Kernel/KernelGYM/kernelgym/logs
2026-05-19 08:23:26,486 [INFO] root [worker_monitor.py:561] - Redis connection established for worker monitor
2026-05-19 08:23:26,487 [INFO] kernelgym.worker_monitor [worker_monitor.py:51] - Worker monitor configured with heartbeat_timeout=120s, monitor_interval=30s, restart_cooldown=60s
2026-05-19 08:23:26,488 [INFO] kernelgym.worker_monitor [worker_monitor.py:70] - Starting worker monitor
2026-05-19 08:23:26,998 [INFO] kernelgym.subprocess_pool [subprocess_pool.py:161] - [worker_gpu_0_pool_0_0] Worker initialized successfully (init_time=0.15s)
2026-05-19 08:23:27,002 [INFO] kernelgym.subprocess_pool [subprocess_pool.py:338] - [GPU 0] Worker pool initialized with 1 workers
2026-05-19 08:23:27,178 [INFO] kernelgym.subprocess_pool [subprocess_pool.py:161] - [worker_gpu_1_pool_1_0] Worker initialized successfully (init_time=0.14s)
2026-05-19 08:23:27,178 [INFO] kernelgym.subprocess_pool [subprocess_pool.py:338] - [GPU 1] Worker pool initialized with 1 workers
2026-05-19 08:25:12,708 [INFO] root [settings.py:365] - Logging configured for worker_worker_gpu_0 - File logging: True
2026-05-19 08:25:12,708 [INFO] root [settings.py:371] - Log files will be written to: /nfs/FM/gongoubo/new_project/github/Data_Synthesis_For_Cuda_Kernel/KernelGYM/kernelgym/logs
2026-05-19 08:25:12,711 [INFO] root [single_worker.py:32] - Redis connection established for worker worker_gpu_0
2026-05-19 08:25:12,712 [INFO] root [single_worker.py:38] - Starting single worker worker_gpu_0 on device cuda:0
2026-05-19 08:25:12,842 [INFO] kernelgym.server.task_manager [task_manager.py:120] - TaskManager initialized
2026-05-19 08:25:12,843 [INFO] uvicorn.error [on.py:60] - Application startup complete.
2026-05-19 08:25:12,844 [INFO] uvicorn.error [server.py:218] - Uvicorn running on http://192.168.16.4:8001 (Press CTRL+C to quit)
2026-05-19 08:25:12,887 [INFO] root [settings.py:365] - Logging configured for worker_worker_gpu_1 - File logging: True
2026-05-19 08:25:12,888 [INFO] root [settings.py:371] - Log files will be written to: /nfs/FM/gongoubo/new_project/github/Data_Synthesis_For_Cuda_Kernel/KernelGYM/kernelgym/logs
2026-05-19 08:25:12,891 [INFO] root [single_worker.py:32] - Redis connection established for worker worker_gpu_1
2026-05-19 08:25:12,891 [INFO] root [single_worker.py:38] - Starting single worker worker_gpu_1 on device cuda:1
2026-05-19 08:25:12,974 [INFO] kernelgym.subprocess_pool [subprocess_pool.py:139] - [worker_gpu_1_pool_1_0] Starting persistent worker for GPU 1 (pool_size=1, max_tasks=1)
2026-05-19 08:25:13,272 [INFO] kernelgym.subprocess_pool [subprocess_pool.py:139] - [worker_gpu_0_pool_0_0] Starting persistent worker for GPU 0 (pool_size=1, max_tasks=1)
2026-05-19 08:25:15,331 [INFO] root [settings.py:365] - Logging configured for worker_monitor - File logging: True
2026-05-19 08:25:15,331 [INFO] root [settings.py:371] - Log files will be written to: /nfs/FM/gongoubo/new_project/github/Data_Synthesis_For_Cuda_Kernel/KernelGYM/kernelgym/logs
2026-05-19 08:25:15,333 [INFO] root [worker_monitor.py:561] - Redis connection established for worker monitor
2026-05-19 08:25:15,334 [INFO] kernelgym.worker_monitor [worker_monitor.py:51] - Worker monitor configured with heartbeat_timeout=120s, monitor_interval=30s, restart_cooldown=60s
2026-05-19 08:25:15,334 [INFO] kernelgym.worker_monitor [worker_monitor.py:70] - Starting worker monitor
2026-05-19 08:25:15,496 [INFO] kernelgym.subprocess_pool [subprocess_pool.py:161] - [worker_gpu_1_pool_1_0] Worker initialized successfully (init_time=0.16s)
2026-05-19 08:25:15,541 [INFO] kernelgym.subprocess_pool [subprocess_pool.py:338] - [GPU 1] Worker pool initialized with 1 workers
2026-05-19 08:25:15,774 [INFO] kernelgym.subprocess_pool [subprocess_pool.py:161] - [worker_gpu_0_pool_0_0] Worker initialized successfully (init_time=0.16s)
2026-05-19 08:25:15,775 [INFO] kernelgym.subprocess_pool [subprocess_pool.py:338] - [GPU 0] Worker pool initialized with 1 workers
2026-05-19 08:26:08,165 [INFO] kernelgym.server.task_manager [task_manager.py:366] - Task test_api_1779179168_kernel submitted with priority normal
2026-05-19 08:26:20,630 [INFO] kernelgym.subprocess_pool [subprocess_pool.py:220] - [worker_gpu_1_pool_1_0] Reached max tasks limit (1). Marking for restart to prevent memory accumulation.
2026-05-19 08:26:20,630 [WARNING] kernelgym.subprocess_pool [subprocess_pool.py:415] - [worker_gpu_1_pool_1_0] Worker needs restart after task
2026-05-19 08:26:20,632 [INFO] kernelgym.subprocess_pool [subprocess_pool.py:544] - [worker_gpu_1_pool_1_0] Restarting worker (processed 1 tasks)
2026-05-19 08:26:20,633 [INFO] kernelgym.subprocess_pool [subprocess_pool.py:253] - [worker_gpu_1_pool_1_0] Shutting down worker...
2026-05-19 08:26:21,353 [INFO] kernelgym.subprocess_pool [subprocess_pool.py:280] - [worker_gpu_1_pool_1_0] Worker shut down (processed 1 tasks in 68.4s)
2026-05-19 08:26:23,355 [INFO] kernelgym.subprocess_pool [subprocess_pool.py:139] - [worker_gpu_1_pool_1_0] Starting persistent worker for GPU 1 (pool_size=1, max_tasks=1, restart)
2026-05-19 08:26:25,616 [INFO] kernelgym.subprocess_pool [subprocess_pool.py:161] - [worker_gpu_1_pool_1_0] Worker initialized successfully (init_time=0.16s)
2026-05-19 08:26:25,617 [INFO] kernelgym.subprocess_pool [subprocess_pool.py:580] - [worker_gpu_1_pool_1_0] Worker restarted successfully (total restarts: 1)
2026-05-19 08:26:25,695 [INFO] kernelgym.server.task_manager [task_manager.py:366] - Task test_api_1779179168_ref submitted with priority normal
2026-05-19 08:26:25,763 [INFO] kernelgym.subprocess_pool [subprocess_pool.py:220] - [worker_gpu_1_pool_1_0] Reached max tasks limit (1). Marking for restart to prevent memory accumulation.
2026-05-19 08:26:25,764 [WARNING] kernelgym.subprocess_pool [subprocess_pool.py:415] - [worker_gpu_1_pool_1_0] Worker needs restart after task
2026-05-19 08:26:25,765 [INFO] kernelgym.subprocess_pool [subprocess_pool.py:544] - [worker_gpu_1_pool_1_0] Restarting worker (processed 1 tasks)
2026-05-19 08:26:25,768 [INFO] kernelgym.subprocess_pool [subprocess_pool.py:253] - [worker_gpu_1_pool_1_0] Shutting down worker...
2026-05-19 08:26:26,470 [INFO] kernelgym.subprocess_pool [subprocess_pool.py:280] - [worker_gpu_1_pool_1_0] Worker shut down (processed 1 tasks in 3.1s)
2026-05-19 08:26:28,472 [INFO] kernelgym.subprocess_pool [subprocess_pool.py:139] - [worker_gpu_1_pool_1_0] Starting persistent worker for GPU 1 (pool_size=1, max_tasks=1, restart)
2026-05-19 08:26:30,735 [INFO] kernelgym.subprocess_pool [subprocess_pool.py:161] - [worker_gpu_1_pool_1_0] Worker initialized successfully (init_time=0.15s)
2026-05-19 08:26:30,736 [INFO] kernelgym.subprocess_pool [subprocess_pool.py:580] - [worker_gpu_1_pool_1_0] Worker restarted successfully (total restarts: 2)
2026-05-19 08:27:02,540 [INFO] kernelgym.server.task_manager [task_manager.py:366] - Task test_api_1779179222_kernel submitted with priority normal
2026-05-19 08:27:15,398 [INFO] kernelgym.subprocess_pool [subprocess_pool.py:220] - [worker_gpu_0_pool_0_0] Reached max tasks limit (1). Marking for restart to prevent memory accumulation.
2026-05-19 08:27:15,399 [WARNING] kernelgym.subprocess_pool [subprocess_pool.py:415] - [worker_gpu_0_pool_0_0] Worker needs restart after task
2026-05-19 08:27:15,407 [INFO] kernelgym.subprocess_pool [subprocess_pool.py:544] - [worker_gpu_0_pool_0_0] Restarting worker (processed 1 tasks)
2026-05-19 08:27:15,409 [INFO] kernelgym.subprocess_pool [subprocess_pool.py:253] - [worker_gpu_0_pool_0_0] Shutting down worker...
2026-05-19 08:27:16,202 [INFO] kernelgym.subprocess_pool [subprocess_pool.py:280] - [worker_gpu_0_pool_0_0] Worker shut down (processed 1 tasks in 122.9s)
2026-05-19 08:27:18,204 [INFO] kernelgym.subprocess_pool [subprocess_pool.py:139] - [worker_gpu_0_pool_0_0] Starting persistent worker for GPU 0 (pool_size=1, max_tasks=1, restart)
2026-05-19 08:27:20,499 [INFO] kernelgym.subprocess_pool [subprocess_pool.py:161] - [worker_gpu_0_pool_0_0] Worker initialized successfully (init_time=0.16s)
2026-05-19 08:27:20,499 [INFO] kernelgym.subprocess_pool [subprocess_pool.py:580] - [worker_gpu_0_pool_0_0] Worker restarted successfully (total restarts: 1)
2026-05-19 08:27:20,570 [INFO] kernelgym.server.task_manager [task_manager.py:366] - Task test_api_1779179222_ref submitted with priority normal
2026-05-19 08:27:20,707 [INFO] kernelgym.subprocess_pool [subprocess_pool.py:220] - [worker_gpu_1_pool_1_0] Reached max tasks limit (1). Marking for restart to prevent memory accumulation.
2026-05-19 08:27:20,707 [WARNING] kernelgym.subprocess_pool [subprocess_pool.py:415] - [worker_gpu_1_pool_1_0] Worker needs restart after task
2026-05-19 08:27:20,711 [INFO] kernelgym.subprocess_pool [subprocess_pool.py:544] - [worker_gpu_1_pool_1_0] Restarting worker (processed 1 tasks)
2026-05-19 08:27:20,712 [INFO] kernelgym.subprocess_pool [subprocess_pool.py:253] - [worker_gpu_1_pool_1_0] Shutting down worker...
2026-05-19 08:27:21,390 [INFO] kernelgym.subprocess_pool [subprocess_pool.py:280] - [worker_gpu_1_pool_1_0] Worker shut down (processed 1 tasks in 52.9s)
2026-05-19 08:27:23,391 [INFO] kernelgym.subprocess_pool [subprocess_pool.py:139] - [worker_gpu_1_pool_1_0] Starting persistent worker for GPU 1 (pool_size=1, max_tasks=1, restart)
2026-05-19 08:27:25,625 [INFO] kernelgym.subprocess_pool [subprocess_pool.py:161] - [worker_gpu_1_pool_1_0] Worker initialized successfully (init_time=0.16s)
2026-05-19 08:27:25,626 [INFO] kernelgym.subprocess_pool [subprocess_pool.py:580] - [worker_gpu_1_pool_1_0] Worker restarted successfully (total restarts: 3)
